#
# There is insufficient memory for the Java Runtime Environment to continue.
# Native memory allocation (malloc) failed to allocate 32744 bytes for ChunkPool::allocate
# Possible reasons:
#   The system is out of physical RAM or swap space
#   In 32 bit mode, the process size limit was hit
# Possible solutions:
#   Reduce memory load on the system
#   Increase physical memory or swap space
#   Check if swap backing store is full
#   Use 64 bit Java on a 64 bit OS
#   Decrease Java heap size (-Xmx/-Xms)
#   Decrease number of Java threads
#   Decrease Java thread stack sizes (-Xss)
#   Set larger code cache with -XX:ReservedCodeCacheSize=
# This output file may be truncated or incomplete.
#
#  Out of Memory Error (allocation.cpp:273), pid=19216, tid=0x0000000000004e40
#
# JRE version: Java(TM) SE Runtime Environment (8.0_112-b15) (build 1.8.0_112-b15)
# Java VM: Java HotSpot(TM) 64-Bit Server VM (25.112-b15 mixed mode windows-amd64 compressed oops)
# Failed to write core dump. Minidumps are not enabled by default on client versions of Windows
#

---------------  T H R E A D  ---------------

Current thread (0x000000001e899800):  JavaThread "C2 CompilerThread0" daemon [_thread_in_native, id=20032, stack(0x000000001fed0000,0x000000001ffd0000)]

Stack: [0x000000001fed0000,0x000000001ffd0000]
[error occurred during error reporting (printing stack bounds), id 0xc0000005]

Native frames: (J=compiled Java code, j=interpreted, Vv=VM code, C=native code)


Current CompileTask:
C2:   1955 1547       4       java.net.URLClassLoader$1::run (5 bytes)


---------------  P R O C E S S  ---------------

Java Threads: ( => current thread )
  0x000000001e937800 JavaThread "Service Thread" daemon [_thread_blocked, id=21532, stack(0x00000000202d0000,0x00000000203d0000)]
  0x000000001e8a1000 JavaThread "C1 CompilerThread3" daemon [_thread_blocked, id=10320, stack(0x00000000201d0000,0x00000000202d0000)]
  0x000000001e89d000 JavaThread "C2 CompilerThread2" daemon [_thread_in_native, id=21084, stack(0x00000000200d0000,0x00000000201d0000)]
  0x000000001e89c800 JavaThread "C2 CompilerThread1" daemon [_thread_blocked, id=21328, stack(0x000000001ffd0000,0x00000000200d0000)]
=>0x000000001e899800 JavaThread "C2 CompilerThread0" daemon [_thread_in_native, id=20032, stack(0x000000001fed0000,0x000000001ffd0000)]
  0x000000001e87e800 JavaThread "Monitor Ctrl-Break" daemon [_thread_in_native, id=24072, stack(0x000000001fdd0000,0x000000001fed0000)]
  0x000000001e85e000 JavaThread "Attach Listener" daemon [_thread_blocked, id=21772, stack(0x000000001fcd0000,0x000000001fdd0000)]
  0x000000001e85d800 JavaThread "Signal Dispatcher" daemon [_thread_blocked, id=23012, stack(0x000000001fbd0000,0x000000001fcd0000)]
  0x000000001e7f3000 JavaThread "Finalizer" daemon [_thread_blocked, id=19680, stack(0x000000001fa60000,0x000000001fb60000)]
  0x000000001d12d000 JavaThread "Reference Handler" daemon [_thread_blocked, id=22752, stack(0x000000001f960000,0x000000001fa60000)]
  0x00000000033be000 JavaThread "main" [_thread_blocked, id=17936, stack(0x0000000003210000,0x0000000003310000)]

Other Threads:
  0x000000001e7d2800 VMThread [stack: 0x000000001f860000,0x000000001f960000] [id=7100]
  0x000000001e94a000 WatcherThread [stack: 0x00000000203d0000,0x00000000204d0000] [id=11960]

VM state:not at safepoint (normal execution)

VM Mutex/Monitor currently owned by a thread: None

Heap:
 PSYoungGen      total 75776K, used 1243K [0x000000076ba00000, 0x0000000770e80000, 0x00000007c0000000)
  eden space 65024K, 1% used [0x000000076ba00000,0x000000076bb36c18,0x000000076f980000)
  from space 10752K, 0% used [0x0000000770400000,0x0000000770400000,0x0000000770e80000)
  to   space 10752K, 0% used [0x000000076f980000,0x000000076f980000,0x0000000770400000)
 ParOldGen       total 173568K, used 8390K [0x00000006c2e00000, 0x00000006cd780000, 0x000000076ba00000)
  object space 173568K, 4% used [0x00000006c2e00000,0x00000006c36319c8,0x00000006cd780000)
 Metaspace       used 16308K, capacity 16654K, committed 17024K, reserved 1064960K
  class space    used 1986K, capacity 2080K, committed 2176K, reserved 1048576K

Card table byte_map: [0x0000000012980000,0x0000000013170000] byte_map_base: 0x000000000f369000

Marking Bits: (ParMarkBitMap*) 0x000000006d09a6d0
 Begin Bits: [0x00000000140c0000, 0x0000000018008000)
 End Bits:   [0x0000000018008000, 0x000000001bf50000)

Polling page: 0x0000000002de0000

CodeCache: size=245760Kb used=6418Kb max_used=6434Kb free=239341Kb
 bounds [0x00000000035c0000, 0x0000000003c10000, 0x00000000125c0000]
 total_blobs=2243 nmethods=1867 adapters=288
 compilation: enabled

Compilation events (10 events):
Event: 1.873 Thread 0x000000001e8a1000 1865   !   3       org.codehaus.plexus.classworlds.realm.ClassRealm::loadClassFromImport (21 bytes)
Event: 1.874 Thread 0x000000001e8a1000 nmethod 1865 0x0000000003bff810 code [0x0000000003bff9a0, 0x0000000003bffcf8]
Event: 1.875 Thread 0x000000001e8a1000 1866   !   3       org.codehaus.plexus.classworlds.realm.ClassRealm::loadClassFromSelf (40 bytes)
Event: 1.876 Thread 0x000000001e8a1000 nmethod 1866 0x0000000003bfed10 code [0x0000000003bfeec0, 0x0000000003bff578]
Event: 1.876 Thread 0x000000001e8a1000 1867       3       org.codehaus.plexus.classworlds.realm.ClassRealm::getClassRealmLoadingLock (14 bytes)
Event: 1.876 Thread 0x000000001e8a1000 nmethod 1867 0x0000000003bfcad0 code [0x0000000003bfcc40, 0x0000000003bfce48]
Event: 1.876 Thread 0x000000001e8a1000 1868       3       java.io.ExpiringCache::entryFor (57 bytes)
Event: 1.876 Thread 0x000000001e8a1000 nmethod 1868 0x0000000003c07910 code [0x0000000003c07aa0, 0x0000000003c07ff8]
Event: 1.914 Thread 0x000000001e89c800 1869   !   4       java.util.zip.ZipFile$ZipFileInputStream::close (110 bytes)
Event: 1.928 Thread 0x000000001e89c800 nmethod 1869 0x0000000003c0dcd0 code [0x0000000003c0de80, 0x0000000003c0f190]

GC Heap History (6 events):
Event: 1.203 GC heap before
{Heap before GC invocations=1 (full 0):
 PSYoungGen      total 75776K, used 65024K [0x000000076ba00000, 0x0000000770e80000, 0x00000007c0000000)
  eden space 65024K, 100% used [0x000000076ba00000,0x000000076f980000,0x000000076f980000)
  from space 10752K, 0% used [0x0000000770400000,0x0000000770400000,0x0000000770e80000)
  to   space 10752K, 0% used [0x000000076f980000,0x000000076f980000,0x0000000770400000)
 ParOldGen       total 173568K, used 0K [0x00000006c2e00000, 0x00000006cd780000, 0x000000076ba00000)
  object space 173568K, 0% used [0x00000006c2e00000,0x00000006c2e00000,0x00000006cd780000)
 Metaspace       used 11448K, capacity 11726K, committed 12032K, reserved 1060864K
  class space    used 1388K, capacity 1478K, committed 1536K, reserved 1048576K
Event: 1.211 GC heap after
Heap after GC invocations=1 (full 0):
 PSYoungGen      total 75776K, used 9311K [0x000000076ba00000, 0x0000000770e80000, 0x00000007c0000000)
  eden space 65024K, 0% used [0x000000076ba00000,0x000000076ba00000,0x000000076f980000)
  from space 10752K, 86% used [0x000000076f980000,0x0000000770297c58,0x0000000770400000)
  to   space 10752K, 0% used [0x0000000770400000,0x0000000770400000,0x0000000770e80000)
 ParOldGen       total 173568K, used 16K [0x00000006c2e00000, 0x00000006cd780000, 0x000000076ba00000)
  object space 173568K, 0% used [0x00000006c2e00000,0x00000006c2e04000,0x00000006cd780000)
 Metaspace       used 11448K, capacity 11726K, committed 12032K, reserved 1060864K
  class space    used 1388K, capacity 1478K, committed 1536K, reserved 1048576K
}
Event: 1.878 GC heap before
{Heap before GC invocations=2 (full 0):
 PSYoungGen      total 75776K, used 56736K [0x000000076ba00000, 0x0000000770e80000, 0x00000007c0000000)
  eden space 65024K, 72% used [0x000000076ba00000,0x000000076e850760,0x000000076f980000)
  from space 10752K, 86% used [0x000000076f980000,0x0000000770297c58,0x0000000770400000)
  to   space 10752K, 0% used [0x0000000770400000,0x0000000770400000,0x0000000770e80000)
 ParOldGen       total 173568K, used 16K [0x00000006c2e00000, 0x00000006cd780000, 0x000000076ba00000)
  object space 173568K, 0% used [0x00000006c2e00000,0x00000006c2e04000,0x00000006cd780000)
 Metaspace       used 16308K, capacity 16654K, committed 17024K, reserved 1064960K
  class space    used 1986K, capacity 2080K, committed 2176K, reserved 1048576K
Event: 1.885 GC heap after
Heap after GC invocations=2 (full 0):
 PSYoungGen      total 75776K, used 8814K [0x000000076ba00000, 0x0000000770e80000, 0x00000007c0000000)
  eden space 65024K, 0% used [0x000000076ba00000,0x000000076ba00000,0x000000076f980000)
  from space 10752K, 81% used [0x0000000770400000,0x0000000770c9b838,0x0000000770e80000)
  to   space 10752K, 0% used [0x000000076f980000,0x000000076f980000,0x0000000770400000)
 ParOldGen       total 173568K, used 24K [0x00000006c2e00000, 0x00000006cd780000, 0x000000076ba00000)
  object space 173568K, 0% used [0x00000006c2e00000,0x00000006c2e06000,0x00000006cd780000)
 Metaspace       used 16308K, capacity 16654K, committed 17024K, reserved 1064960K
  class space    used 1986K, capacity 2080K, committed 2176K, reserved 1048576K
}
Event: 1.885 GC heap before
{Heap before GC invocations=3 (full 1):
 PSYoungGen      total 75776K, used 8814K [0x000000076ba00000, 0x0000000770e80000, 0x00000007c0000000)
  eden space 65024K, 0% used [0x000000076ba00000,0x000000076ba00000,0x000000076f980000)
  from space 10752K, 81% used [0x0000000770400000,0x0000000770c9b838,0x0000000770e80000)
  to   space 10752K, 0% used [0x000000076f980000,0x000000076f980000,0x0000000770400000)
 ParOldGen       total 173568K, used 24K [0x00000006c2e00000, 0x00000006cd780000, 0x000000076ba00000)
  object space 173568K, 0% used [0x00000006c2e00000,0x00000006c2e06000,0x00000006cd780000)
 Metaspace       used 16308K, capacity 16654K, committed 17024K, reserved 1064960K
  class space    used 1986K, capacity 2080K, committed 2176K, reserved 1048576K
Event: 1.912 GC heap after
Heap after GC invocations=3 (full 1):
 PSYoungGen      total 75776K, used 0K [0x000000076ba00000, 0x0000000770e80000, 0x00000007c0000000)
  eden space 65024K, 0% used [0x000000076ba00000,0x000000076ba00000,0x000000076f980000)
  from space 10752K, 0% used [0x0000000770400000,0x0000000770400000,0x0000000770e80000)
  to   space 10752K, 0% used [0x000000076f980000,0x000000076f980000,0x0000000770400000)
 ParOldGen       total 173568K, used 8390K [0x00000006c2e00000, 0x00000006cd780000, 0x000000076ba00000)
  object space 173568K, 4% used [0x00000006c2e00000,0x00000006c36319c8,0x00000006cd780000)
 Metaspace       used 16308K, capacity 16654K, committed 17024K, reserved 1064960K
  class space    used 1986K, capacity 2080K, committed 2176K, reserved 1048576K
}

Deoptimization events (10 events):
Event: 1.740 Thread 0x00000000033be000 Uncommon trap: reason=bimorphic action=maybe_recompile pc=0x000000000392aebc method=java.util.HashMap.putVal(ILjava/lang/Object;Ljava/lang/Object;ZZ)Ljava/lang/Object; @ 203
Event: 1.767 Thread 0x00000000033be000 Uncommon trap: reason=bimorphic action=maybe_recompile pc=0x000000000392aebc method=java.util.HashMap.putVal(ILjava/lang/Object;Ljava/lang/Object;ZZ)Ljava/lang/Object; @ 203
Event: 1.787 Thread 0x00000000033be000 Uncommon trap: reason=bimorphic action=maybe_recompile pc=0x000000000392aebc method=java.util.HashMap.putVal(ILjava/lang/Object;Ljava/lang/Object;ZZ)Ljava/lang/Object; @ 203
Event: 1.787 Thread 0x00000000033be000 Uncommon trap: reason=bimorphic action=maybe_recompile pc=0x0000000003926e98 method=java.util.HashMap.putVal(ILjava/lang/Object;Ljava/lang/Object;ZZ)Ljava/lang/Object; @ 203
Event: 1.802 Thread 0x00000000033be000 Uncommon trap: reason=unstable_if action=reinterpret pc=0x0000000003ba19f8 method=org.codehaus.plexus.util.xml.pull.MXParser.nextImpl()I @ 972
Event: 1.833 Thread 0x00000000033be000 Uncommon trap: reason=unstable_if action=reinterpret pc=0x0000000003b488d4 method=sun.net.www.protocol.jar.Handler.parseURL(Ljava/net/URL;Ljava/lang/String;II)V @ 94
Event: 1.835 Thread 0x00000000033be000 Uncommon trap: reason=class_check action=maybe_recompile pc=0x0000000003acea8c method=com.google.inject.internal.LinkedBindingImpl.acceptTargetVisitor(Lcom/google/inject/spi/BindingTargetVisitor;)Ljava/lang/Object; @ 2
Event: 1.835 Thread 0x00000000033be000 Uncommon trap: reason=class_check action=maybe_recompile pc=0x0000000003acea8c method=com.google.inject.internal.LinkedBindingImpl.acceptTargetVisitor(Lcom/google/inject/spi/BindingTargetVisitor;)Ljava/lang/Object; @ 2
Event: 1.841 Thread 0x00000000033be000 Uncommon trap: reason=class_check action=maybe_recompile pc=0x0000000003acea8c method=com.google.inject.internal.LinkedBindingImpl.acceptTargetVisitor(Lcom/google/inject/spi/BindingTargetVisitor;)Ljava/lang/Object; @ 2
Event: 1.841 Thread 0x00000000033be000 Uncommon trap: reason=class_check action=maybe_recompile pc=0x0000000003acea8c method=com.google.inject.internal.LinkedBindingImpl.acceptTargetVisitor(Lcom/google/inject/spi/BindingTargetVisitor;)Ljava/lang/Object; @ 2

Internal exceptions (10 events):
Event: 0.852 Thread 0x00000000033be000 Exception <a 'java/lang/ArrayIndexOutOfBoundsException'> (0x000000076d3eec30) thrown at [C:\re\workspace\8-2-build-windows-amd64-cygwin\jdk8u112\7884\hotspot\src\share\vm\runtime\sharedRuntime.cpp, line 605]
Event: 0.853 Thread 0x00000000033be000 Exception <a 'java/lang/ArrayIndexOutOfBoundsException'> (0x000000076d40d890) thrown at [C:\re\workspace\8-2-build-windows-amd64-cygwin\jdk8u112\7884\hotspot\src\share\vm\runtime\sharedRuntime.cpp, line 605]
Event: 0.858 Thread 0x00000000033be000 Exception <a 'java/lang/ArrayIndexOutOfBoundsException'> (0x000000076d453628) thrown at [C:\re\workspace\8-2-build-windows-amd64-cygwin\jdk8u112\7884\hotspot\src\share\vm\runtime\sharedRuntime.cpp, line 605]
Event: 0.932 Thread 0x00000000033be000 Exception <a 'java/lang/ArrayIndexOutOfBoundsException'> (0x000000076dda2418) thrown at [C:\re\workspace\8-2-build-windows-amd64-cygwin\jdk8u112\7884\hotspot\src\share\vm\runtime\sharedRuntime.cpp, line 605]
Event: 0.933 Thread 0x00000000033be000 Exception <a 'java/lang/ArrayIndexOutOfBoundsException'> (0x000000076dda6d60) thrown at [C:\re\workspace\8-2-build-windows-amd64-cygwin\jdk8u112\7884\hotspot\src\share\vm\runtime\sharedRuntime.cpp, line 605]
Event: 0.988 Thread 0x00000000033be000 Exception <a 'java/lang/ArrayIndexOutOfBoundsException': 66> (0x000000076e122df0) thrown at [C:\re\workspace\8-2-build-windows-amd64-cygwin\jdk8u112\7884\hotspot\src\share\vm\interpreter\interpreterRuntime.cpp, line 366]
Event: 1.472 Thread 0x00000000033be000 Exception <a 'java/lang/NoClassDefFoundError': com/google/inject/servlet/ServletModuleTargetVisitor> (0x000000076cf17730) thrown at [C:\re\workspace\8-2-build-windows-amd64-cygwin\jdk8u112\7884\hotspot\src\share\vm\classfile\systemDictionary.cpp, line 199
Event: 1.472 Thread 0x00000000033be000 Exception <a 'java/lang/NoClassDefFoundError'> (0x000000076cf17730) thrown at [C:\re\workspace\8-2-build-windows-amd64-cygwin\jdk8u112\7884\hotspot\src\share\vm\prims\jvm.cpp, line 1394]
Event: 1.473 Thread 0x00000000033be000 Exception <a 'java/lang/NoClassDefFoundError': javax/annotation/Priority> (0x000000076cf1c398) thrown at [C:\re\workspace\8-2-build-windows-amd64-cygwin\jdk8u112\7884\hotspot\src\share\vm\classfile\systemDictionary.cpp, line 199]
Event: 1.559 Thread 0x00000000033be000 Implicit null exception at 0x0000000003794d1b to 0x0000000003794f01

Events (10 events):
Event: 1.876 loading class org/apache/maven/plugin/clean/Cleaner$Result
Event: 1.876 loading class org/apache/maven/plugin/clean/Cleaner$Result done
Event: 1.876 loading class org/apache/maven/plugin/clean/Cleaner$Result
Event: 1.876 loading class org/apache/maven/plugin/clean/Cleaner$Result done
Event: 1.876 loading class org/apache/maven/plugin/clean/Cleaner$Result
Event: 1.876 loading class org/apache/maven/plugin/clean/Cleaner$Result done
Event: 1.876 loading class org/apache/maven/plugin/clean/Cleaner$Result
Event: 1.876 loading class org/apache/maven/plugin/clean/Cleaner$Result done
Event: 1.878 Executing VM operation: ParallelGCSystemGC
Event: 1.913 Executing VM operation: ParallelGCSystemGC done


Dynamic libraries:
0x00007ff7b0390000 - 0x00007ff7b03c7000 	F:\Java\bin\java.exe
0x00007ffbbba70000 - 0x00007ffbbbc84000 	C:\WINDOWS\SYSTEM32\ntdll.dll
0x00007ffbba410000 - 0x00007ffbba4d3000 	C:\WINDOWS\System32\KERNEL32.DLL
0x00007ffbb8ec0000 - 0x00007ffbb925d000 	C:\WINDOWS\System32\KERNELBASE.dll
0x00007ffbba4e0000 - 0x00007ffbba58e000 	C:\WINDOWS\System32\ADVAPI32.dll
0x00007ffbbacb0000 - 0x00007ffbbad57000 	C:\WINDOWS\System32\msvcrt.dll
0x00007ffbb9aa0000 - 0x00007ffbb9b44000 	C:\WINDOWS\System32\sechost.dll
0x00007ffbb98f0000 - 0x00007ffbb9a05000 	C:\WINDOWS\System32\RPCRT4.dll
0x00007ffbb9db0000 - 0x00007ffbb9f5d000 	C:\WINDOWS\System32\USER32.dll
0x00007ffbb8e90000 - 0x00007ffbb8eb6000 	C:\WINDOWS\System32\win32u.dll
0x00007ffbbac80000 - 0x00007ffbbaca9000 	C:\WINDOWS\System32\GDI32.dll
0x00007ffbb9560000 - 0x00007ffbb9672000 	C:\WINDOWS\System32\gdi32full.dll
0x00007ffbb9260000 - 0x00007ffbb92fa000 	C:\WINDOWS\System32\msvcp_win.dll
0x00007ffbb9740000 - 0x00007ffbb9851000 	C:\WINDOWS\System32\ucrtbase.dll
0x00007ffb9cbb0000 - 0x00007ffb9ce3e000 	C:\WINDOWS\WinSxS\amd64_microsoft.windows.common-controls_6595b64144ccf1df_6.0.22621.608_none_a9444ca7c10bb01d\COMCTL32.dll
0x00007ffbb9d70000 - 0x00007ffbb9da2000 	C:\WINDOWS\System32\IMM32.DLL
0x000000006d120000 - 0x000000006d1f2000 	F:\Java\jre\bin\msvcr100.dll
0x000000006c880000 - 0x000000006d11a000 	F:\Java\jre\bin\server\jvm.dll
0x00007ffbb9a90000 - 0x00007ffbb9a98000 	C:\WINDOWS\System32\PSAPI.DLL
0x00007ffb9c330000 - 0x00007ffb9c339000 	C:\WINDOWS\SYSTEM32\WSOCK32.dll
0x00007ffbb0900000 - 0x00007ffbb0934000 	C:\WINDOWS\SYSTEM32\WINMM.dll
0x00007ffbac200000 - 0x00007ffbac20a000 	C:\WINDOWS\SYSTEM32\VERSION.dll
0x00007ffbb9860000 - 0x00007ffbb98d1000 	C:\WINDOWS\System32\WS2_32.dll
0x000000006c870000 - 0x000000006c87f000 	F:\Java\jre\bin\verify.dll
0x000000006c840000 - 0x000000006c869000 	F:\Java\jre\bin\java.dll
0x000000006c720000 - 0x000000006c743000 	F:\Java\jre\bin\instrument.dll
0x000000006c820000 - 0x000000006c836000 	F:\Java\jre\bin\zip.dll
0x00007ffbbae60000 - 0x00007ffbbb64f000 	C:\WINDOWS\System32\SHELL32.dll
0x00007ffbb6ec0000 - 0x00007ffbb7788000 	C:\WINDOWS\SYSTEM32\windows.storage.dll
0x00007ffbb9f60000 - 0x00007ffbba2ea000 	C:\WINDOWS\System32\combase.dll
0x00007ffbb6d80000 - 0x00007ffbb6ebe000 	C:\WINDOWS\SYSTEM32\wintypes.dll
0x00007ffbbaab0000 - 0x00007ffbbaba1000 	C:\WINDOWS\System32\SHCORE.dll
0x00007ffbbb6c0000 - 0x00007ffbbb71e000 	C:\WINDOWS\System32\shlwapi.dll
0x00007ffbb8dc0000 - 0x00007ffbb8de1000 	C:\WINDOWS\SYSTEM32\profapi.dll
0x00007ffbaaf00000 - 0x00007ffbaaf1a000 	G:\IDEA\IntelliJ IDEA 2020.3.4\bin\breakgen64.dll
0x000000006c800000 - 0x000000006c81a000 	F:\java\jre\bin\net.dll
0x00007ffbb8440000 - 0x00007ffbb84a9000 	C:\WINDOWS\system32\mswsock.dll
0x00007ffbb8690000 - 0x00007ffbb86ab000 	C:\WINDOWS\SYSTEM32\CRYPTSP.dll
0x00007ffbb7f40000 - 0x00007ffbb7f75000 	C:\WINDOWS\system32\rsaenh.dll
0x00007ffbb8530000 - 0x00007ffbb8558000 	C:\WINDOWS\SYSTEM32\USERENV.dll
0x00007ffbb8850000 - 0x00007ffbb8878000 	C:\WINDOWS\SYSTEM32\bcrypt.dll
0x00007ffbb9470000 - 0x00007ffbb94eb000 	C:\WINDOWS\System32\bcryptprimitives.dll
0x00007ffbb86b0000 - 0x00007ffbb86bc000 	C:\WINDOWS\SYSTEM32\CRYPTBASE.dll
0x00007ffbb7ae0000 - 0x00007ffbb7b0d000 	C:\WINDOWS\SYSTEM32\IPHLPAPI.DLL
0x00007ffbb98e0000 - 0x00007ffbb98e9000 	C:\WINDOWS\System32\NSI.dll
0x00007ffbb14a0000 - 0x00007ffbb14b9000 	C:\WINDOWS\SYSTEM32\dhcpcsvc6.DLL
0x00007ffbac360000 - 0x00007ffbac37f000 	C:\WINDOWS\SYSTEM32\dhcpcsvc.DLL
0x00007ffbb7b20000 - 0x00007ffbb7c12000 	C:\WINDOWS\SYSTEM32\DNSAPI.dll
0x000000006c7e0000 - 0x000000006c7f1000 	F:\java\jre\bin\nio.dll
0x00007ffbb3360000 - 0x00007ffbb336a000 	C:\Users\14434\AppData\Local\Temp\jansi-1.17.1-7395501023765106808.dll
0x00007ffbad290000 - 0x00007ffbad29a000 	C:\Users\14434\AppData\Local\Temp\jansi-1.17.1-7398273103701306468.dll

VM Arguments:
jvm_args: -Dmaven.multiModuleProjectDirectory=D:\IdeaProjects\careHomeManagementSystem -Dmaven.home=G:\IDEA\IntelliJ IDEA 2020.3.4\plugins\maven\lib\maven3 -Dclassworlds.conf=G:\IDEA\IntelliJ IDEA 2020.3.4\plugins\maven\lib\maven3\bin\m2.conf -Dmaven.ext.class.path=G:\IDEA\IntelliJ IDEA 2020.3.4\plugins\maven\lib\maven-event-listener.jar -javaagent:G:\IDEA\IntelliJ IDEA 2020.3.4\lib\idea_rt.jar=60710:G:\IDEA\IntelliJ IDEA 2020.3.4\bin -Dfile.encoding=UTF-8 
java_command: org.codehaus.classworlds.Launcher -Didea.version=2020.3.4 clean
java_class_path (initial): G:\IDEA\IntelliJ IDEA 2020.3.4\plugins\maven\lib\maven3\boot\plexus-classworlds-2.6.0.jar;G:\IDEA\IntelliJ IDEA 2020.3.4\plugins\maven\lib\maven3\boot\plexus-classworlds.license;G:\IDEA\IntelliJ IDEA 2020.3.4\lib\idea_rt.jar
Launcher Type: SUN_STANDARD

Environment Variables:
JAVA_HOME=F:\java
CLASSPATH=.;F:\java\lib;F:\java\lib\tools.jar
PATH=F:\java\bin;F:\java\jre\bin;C:\Program Files (x86)\Common Files\Oracle\Java\javapath;C:\ProgramData\Oracle\Java\javapath;C:\Windows\system32;C:\Windows;C:\Windows\System32\Wbem;C:\Windows\System32\WindowsPowerShell\v1.0\;C:\Windows\System32\OpenSSH\;C:\Program Files (x86)\NVIDIA Corporation\PhysX\CommonF:\java\bin;F:\matlab\BaiduNetdiskDownload\bin\win32;G:\matlab\runtime\win64;G:\matlab\bin;G:\matlab\polyspace\bin;C:\Program Files (x86)\NVIDIA Corporation\PhysX\Common;C:\WINDOWS\system32;C:\WINDOWS;C:\WINDOWS\System32\Wbem;C:\WINDOWS\System32\WindowsPowerShell\v1.0\;C:\WINDOWS\System32\OpenSSH\;C:\Program Files\dotnet\;F:\git\Git\cmd;F:\git\bin;D:\python\Scripts\;D:\python\;C:\Users\14434\AppData\Local\Microsoft\WindowsApps;G:\Microsoft VS Code\bin;D:\pycharm\PyCharm 2020.1\bin;;
USERNAME=14434
OS=Windows_NT
PROCESSOR_IDENTIFIER=Intel64 Family 6 Model 158 Stepping 10, GenuineIntel



---------------  S Y S T E M  ---------------

OS: Windows 10.0 , 64 bit Build 22621 (10.0.22621.1105)

CPU:total 12 (6 cores per cpu, 2 threads per core) family 6 model 158 stepping 10, cmov, cx8, fxsr, mmx, sse, sse2, sse3, ssse3, sse4.1, sse4.2, popcnt, avx, avx2, aes, clmul, erms, 3dnowpref, lzcnt, ht, tsc, tscinvbit, bmi1, bmi2, adx

Memory: 4k page, physical 16582668k(3381028k free), swap 30667016k(4416k free)

vm_info: Java HotSpot(TM) 64-Bit Server VM (25.112-b15) for windows-amd64 JRE (1.8.0_112-b15), built on Sep 22 2016 21:31:56 by "java_re" with MS VC++ 10.0 (VS2010)

time: Wed Feb 15 15:38:06 2023
elapsed time: 1 seconds (0d 0h 0m 1s)

